Arguments: 
  /home/quietmeadow/.nvm/versions/node/v18.11.0/bin/node /usr/local/bin/yarn add dotenv express mongodb mongoose

PATH: 
  /home/quietmeadow/.local/bin:/home/quietmeadow/.nvm/versions/node/v18.11.0/bin:/home/quietmeadow/.local/bin:/usr/local/sbin:/usr/local/bin:/usr/sbin:/usr/bin:/sbin:/bin:/usr/games:/usr/local/games:/snap/bin:/snap/bin

Yarn version: 
  1.22.19

Node version: 
  18.11.0

Platform: 
  linux x64

Trace: 
  Error: certificate is not yet valid
      at TLSSocket.onConnectSecure (node:_tls_wrap:1538:34)
      at TLSSocket.emit (node:events:513:28)
      at TLSSocket._finishInit (node:_tls_wrap:952:8)
      at ssl.onhandshakedone (node:_tls_wrap:733:12)

npm manifest: 
  {
    "name": "minierp-api",
    "version": "1.0.0",
    "main": "index.js",
    "repository": "https://github.com/Mongark/minierp-api.git",
    "author": "Mongark <mongarkprogrammer@gmail.com>",
    "license": "MIT"
  }

yarn manifest: 
  No manifest

Lockfile: 
  No lockfile
